# JRE version: OpenJDK Runtime Environment Temurin-21.0.6+7 (21.0.6+7) (build 21.0.6+7-LTS)
# Java VM: OpenJDK 64-Bit Server VM Temurin-21.0.6+7 (21.0.6+7-LTS, mixed mode, sharing, tiered, compressed oops, compressed class ptrs, parallel gc, windows-amd64)
GC Precious Log:
 CardTable entry size: 512
 CPUs: 8 total, 8 available
 Memory: 8050M
 Large Page Support: Disabled
 NUMA Support: Disabled
 Compressed Oops: Enabled (32-bit)
 Alignments: Space 512K, Generation 512K, Heap 2M
 Heap Min Capacity: 100M
 Heap Initial Capacity: 100M
 Heap Max Capacity: 1G
 Pre-touch: Disabled
 Parallel Workers: 8
Heap:
 PSYoungGen      total 3584K, used 1519K [0x00000000eab00000, 0x00000000eb080000, 0x0000000100000000)
  eden space 2048K, 0% used [0x00000000eab00000,0x00000000eab00000,0x00000000ead00000)
  from space 1536K, 98% used [0x00000000eaf00000,0x00000000eb07bdd0,0x00000000eb080000)
  to   space 1024K, 0% used [0x00000000eae00000,0x00000000eae00000,0x00000000eaf00000)
 ParOldGen       total 363520K, used 363327K [0x00000000c0000000, 0x00000000d6300000, 0x00000000eab00000)
  object space 363520K, 99% used [0x00000000c0000000,0x00000000d62cfc90,0x00000000d6300000)
 Metaspace       used 65056K, committed 66560K, reserved 1114112K
  class space    used 6640K, committed 7296K, reserved 1048576K
GC Heap History (20 events):
Event: 66.151 GC heap after
{Heap after GC invocations=540 (full 4):
 PSYoungGen      total 9728K, used 4405K [0x00000000eab00000, 0x00000000eb900000, 0x0000000100000000)
  eden space 5120K, 0% used [0x00000000eab00000,0x00000000eab00000,0x00000000eb000000)
  from space 4608K, 95% used [0x00000000eb480000,0x00000000eb8cd770,0x00000000eb900000)
  to   space 4608K, 0% used [0x00000000eb000000,0x00000000eb000000,0x00000000eb480000)
 ParOldGen       total 342016K, used 341980K [0x00000000c0000000, 0x00000000d4e00000, 0x00000000eab00000)
  object space 342016K, 99% used [0x00000000c0000000,0x00000000d4df7020,0x00000000d4e00000)
 Metaspace       used 64413K, committed 65920K, reserved 1114112K
  class space    used 6541K, committed 7168K, reserved 1048576K
}
Event: 66.243 GC heap before
{Heap before GC invocations=541 (full 4):
 PSYoungGen      total 9728K, used 9525K [0x00000000eab00000, 0x00000000eb900000, 0x0000000100000000)
  eden space 5120K, 100% used [0x00000000eab00000,0x00000000eb000000,0x00000000eb000000)
  from space 4608K, 95% used [0x00000000eb480000,0x00000000eb8cd770,0x00000000eb900000)
  to   space 4608K, 0% used [0x00000000eb000000,0x00000000eb000000,0x00000000eb480000)
 ParOldGen       total 342016K, used 341980K [0x00000000c0000000, 0x00000000d4e00000, 0x00000000eab00000)
  object space 342016K, 99% used [0x00000000c0000000,0x00000000d4df7020,0x00000000d4e00000)
 Metaspace       used 64600K, committed 66112K, reserved 1114112K
  class space    used 6575K, committed 7232K, reserved 1048576K
}
Event: 66.254 GC heap after
{Heap after GC invocations=541 (full 4):
 PSYoungGen      total 7680K, used 2484K [0x00000000eab00000, 0x00000000eb700000, 0x0000000100000000)
  eden space 5120K, 0% used [0x00000000eab00000,0x00000000eab00000,0x00000000eb000000)
  from space 2560K, 97% used [0x00000000eb000000,0x00000000eb26d000,0x00000000eb280000)
  to   space 3584K, 0% used [0x00000000eb380000,0x00000000eb380000,0x00000000eb700000)
 ParOldGen       total 346112K, used 345913K [0x00000000c0000000, 0x00000000d5200000, 0x00000000eab00000)
  object space 346112K, 99% used [0x00000000c0000000,0x00000000d51ce720,0x00000000d5200000)
 Metaspace       used 64600K, committed 66112K, reserved 1114112K
  class space    used 6575K, committed 7232K, reserved 1048576K
}
Event: 66.394 GC heap before
{Heap before GC invocations=542 (full 4):
 PSYoungGen      total 7680K, used 7604K [0x00000000eab00000, 0x00000000eb700000, 0x0000000100000000)
  eden space 5120K, 100% used [0x00000000eab00000,0x00000000eb000000,0x00000000eb000000)
  from space 2560K, 97% used [0x00000000eb000000,0x00000000eb26d000,0x00000000eb280000)
  to   space 3584K, 0% used [0x00000000eb380000,0x00000000eb380000,0x00000000eb700000)
 ParOldGen       total 346112K, used 345913K [0x00000000c0000000, 0x00000000d5200000, 0x00000000eab00000)
  object space 346112K, 99% used [0x00000000c0000000,0x00000000d51ce720,0x00000000d5200000)
 Metaspace       used 64744K, committed 66304K, reserved 1114112K
  class space    used 6608K, committed 7296K, reserved 1048576K
}
Event: 66.405 GC heap after
{Heap after GC invocations=542 (full 4):
 PSYoungGen      total 7680K, used 2535K [0x00000000eab00000, 0x00000000eb600000, 0x0000000100000000)
  eden space 5120K, 0% used [0x00000000eab00000,0x00000000eab00000,0x00000000eb000000)
  from space 2560K, 99% used [0x00000000eb380000,0x00000000eb5f9e80,0x00000000eb600000)
  to   space 3072K, 0% used [0x00000000eb000000,0x00000000eb000000,0x00000000eb300000)
 ParOldGen       total 348672K, used 348268K [0x00000000c0000000, 0x00000000d5480000, 0x00000000eab00000)
  object space 348672K, 99% used [0x00000000c0000000,0x00000000d541b158,0x00000000d5480000)
 Metaspace       used 64744K, committed 66304K, reserved 1114112K
  class space    used 6608K, committed 7296K, reserved 1048576K
}
Event: 66.590 GC heap before
{Heap before GC invocations=543 (full 4):
 PSYoungGen      total 7680K, used 7655K [0x00000000eab00000, 0x00000000eb600000, 0x0000000100000000)
  eden space 5120K, 100% used [0x00000000eab00000,0x00000000eb000000,0x00000000eb000000)
  from space 2560K, 99% used [0x00000000eb380000,0x00000000eb5f9e80,0x00000000eb600000)
  to   space 3072K, 0% used [0x00000000eb000000,0x00000000eb000000,0x00000000eb300000)
 ParOldGen       total 348672K, used 348268K [0x00000000c0000000, 0x00000000d5480000, 0x00000000eab00000)
  object space 348672K, 99% used [0x00000000c0000000,0x00000000d541b158,0x00000000d5480000)
 Metaspace       used 64946K, committed 66432K, reserved 1114112K
  class space    used 6637K, committed 7296K, reserved 1048576K
}
Event: 66.598 GC heap after
{Heap after GC invocations=543 (full 4):
 PSYoungGen      total 7680K, used 2403K [0x00000000eab00000, 0x00000000eb500000, 0x0000000100000000)
  eden space 5120K, 0% used [0x00000000eab00000,0x00000000eab00000,0x00000000eb000000)
  from space 2560K, 93% used [0x00000000eb000000,0x00000000eb258f48,0x00000000eb280000)
  to   space 2560K, 0% used [0x00000000eb280000,0x00000000eb280000,0x00000000eb500000)
 ParOldGen       total 350720K, used 350709K [0x00000000c0000000, 0x00000000d5680000, 0x00000000eab00000)
  object space 350720K, 99% used [0x00000000c0000000,0x00000000d567d508,0x00000000d5680000)
 Metaspace       used 64946K, committed 66432K, reserved 1114112K
  class space    used 6637K, committed 7296K, reserved 1048576K
}
Event: 66.867 GC heap before
{Heap before GC invocations=544 (full 4):
 PSYoungGen      total 7680K, used 7523K [0x00000000eab00000, 0x00000000eb500000, 0x0000000100000000)
  eden space 5120K, 100% used [0x00000000eab00000,0x00000000eb000000,0x00000000eb000000)
  from space 2560K, 93% used [0x00000000eb000000,0x00000000eb258f48,0x00000000eb280000)
  to   space 2560K, 0% used [0x00000000eb280000,0x00000000eb280000,0x00000000eb500000)
 ParOldGen       total 350720K, used 350709K [0x00000000c0000000, 0x00000000d5680000, 0x00000000eab00000)
  object space 350720K, 99% used [0x00000000c0000000,0x00000000d567d508,0x00000000d5680000)
 Metaspace       used 64981K, committed 66496K, reserved 1114112K
  class space    used 6638K, committed 7296K, reserved 1048576K
}
Event: 66.877 GC heap after
{Heap after GC invocations=544 (full 4):
 PSYoungGen      total 7680K, used 2055K [0x00000000eab00000, 0x00000000eb500000, 0x0000000100000000)
  eden space 5120K, 0% used [0x00000000eab00000,0x00000000eab00000,0x00000000eb000000)
  from space 2560K, 80% used [0x00000000eb280000,0x00000000eb481f28,0x00000000eb500000)
  to   space 2560K, 0% used [0x00000000eb000000,0x00000000eb000000,0x00000000eb280000)
 ParOldGen       total 353280K, used 352891K [0x00000000c0000000, 0x00000000d5900000, 0x00000000eab00000)
  object space 353280K, 99% used [0x00000000c0000000,0x00000000d589eee0,0x00000000d5900000)
 Metaspace       used 64981K, committed 66496K, reserved 1114112K
  class space    used 6638K, committed 7296K, reserved 1048576K
}
Event: 67.223 GC heap before
{Heap before GC invocations=545 (full 4):
 PSYoungGen      total 7680K, used 7175K [0x00000000eab00000, 0x00000000eb500000, 0x0000000100000000)
  eden space 5120K, 100% used [0x00000000eab00000,0x00000000eb000000,0x00000000eb000000)
  from space 2560K, 80% used [0x00000000eb280000,0x00000000eb481f28,0x00000000eb500000)
  to   space 2560K, 0% used [0x00000000eb000000,0x00000000eb000000,0x00000000eb280000)
 ParOldGen       total 353280K, used 352891K [0x00000000c0000000, 0x00000000d5900000, 0x00000000eab00000)
  object space 353280K, 99% used [0x00000000c0000000,0x00000000d589eee0,0x00000000d5900000)
 Metaspace       used 65001K, committed 66496K, reserved 1114112K
  class space    used 6638K, committed 7296K, reserved 1048576K
}
Event: 67.233 GC heap after
{Heap after GC invocations=545 (full 4):
 PSYoungGen      total 7680K, used 2327K [0x00000000eab00000, 0x00000000eb500000, 0x0000000100000000)
  eden space 5120K, 0% used [0x00000000eab00000,0x00000000eab00000,0x00000000eb000000)
  from space 2560K, 90% used [0x00000000eb000000,0x00000000eb245e90,0x00000000eb280000)
  to   space 2560K, 0% used [0x00000000eb280000,0x00000000eb280000,0x00000000eb500000)
 ParOldGen       total 355840K, used 355393K [0x00000000c0000000, 0x00000000d5b80000, 0x00000000eab00000)
  object space 355840K, 99% used [0x00000000c0000000,0x00000000d5b10428,0x00000000d5b80000)
 Metaspace       used 65001K, committed 66496K, reserved 1114112K
  class space    used 6638K, committed 7296K, reserved 1048576K
}
Event: 67.640 GC heap before
{Heap before GC invocations=546 (full 4):
 PSYoungGen      total 7680K, used 7162K [0x00000000eab00000, 0x00000000eb500000, 0x0000000100000000)
  eden space 5120K, 94% used [0x00000000eab00000,0x00000000eafb8a50,0x00000000eb000000)
  from space 2560K, 90% used [0x00000000eb000000,0x00000000eb245e90,0x00000000eb280000)
  to   space 2560K, 0% used [0x00000000eb280000,0x00000000eb280000,0x00000000eb500000)
 ParOldGen       total 355840K, used 355393K [0x00000000c0000000, 0x00000000d5b80000, 0x00000000eab00000)
  object space 355840K, 99% used [0x00000000c0000000,0x00000000d5b10428,0x00000000d5b80000)
 Metaspace       used 65022K, committed 66496K, reserved 1114112K
  class space    used 6639K, committed 7296K, reserved 1048576K
}
Event: 67.653 GC heap after
{Heap after GC invocations=546 (full 4):
 PSYoungGen      total 4608K, used 2538K [0x00000000eab00000, 0x00000000ebb00000, 0x0000000100000000)
  eden space 2048K, 0% used [0x00000000eab00000,0x00000000eab00000,0x00000000ead00000)
  from space 2560K, 99% used [0x00000000eb280000,0x00000000eb4fa800,0x00000000eb500000)
  to   space 5632K, 0% used [0x00000000ead00000,0x00000000ead00000,0x00000000eb280000)
 ParOldGen       total 357888K, used 357655K [0x00000000c0000000, 0x00000000d5d80000, 0x00000000eab00000)
  object space 357888K, 99% used [0x00000000c0000000,0x00000000d5d45d28,0x00000000d5d80000)
 Metaspace       used 65022K, committed 66496K, reserved 1114112K
  class space    used 6639K, committed 7296K, reserved 1048576K
}
Event: 67.755 GC heap before
{Heap before GC invocations=547 (full 4):
 PSYoungGen      total 4608K, used 4586K [0x00000000eab00000, 0x00000000ebb00000, 0x0000000100000000)
  eden space 2048K, 100% used [0x00000000eab00000,0x00000000ead00000,0x00000000ead00000)
  from space 2560K, 99% used [0x00000000eb280000,0x00000000eb4fa800,0x00000000eb500000)
  to   space 5632K, 0% used [0x00000000ead00000,0x00000000ead00000,0x00000000eb280000)
 ParOldGen       total 357888K, used 357655K [0x00000000c0000000, 0x00000000d5d80000, 0x00000000eab00000)
  object space 357888K, 99% used [0x00000000c0000000,0x00000000d5d45d28,0x00000000d5d80000)
 Metaspace       used 65028K, committed 66496K, reserved 1114112K
  class space    used 6639K, committed 7296K, reserved 1048576K
}
Event: 67.759 GC heap after
{Heap after GC invocations=547 (full 4):
 PSYoungGen      total 3584K, used 1487K [0x00000000eab00000, 0x00000000eb300000, 0x0000000100000000)
  eden space 2048K, 0% used [0x00000000eab00000,0x00000000eab00000,0x00000000ead00000)
  from space 1536K, 96% used [0x00000000ead00000,0x00000000eae73f48,0x00000000eae80000)
  to   space 3072K, 0% used [0x00000000eb000000,0x00000000eb000000,0x00000000eb300000)
 ParOldGen       total 360448K, used 360438K [0x00000000c0000000, 0x00000000d6000000, 0x00000000eab00000)
  object space 360448K, 99% used [0x00000000c0000000,0x00000000d5ffd9c0,0x00000000d6000000)
 Metaspace       used 65028K, committed 66496K, reserved 1114112K
  class space    used 6639K, committed 7296K, reserved 1048576K
}
Event: 67.854 GC heap before
{Heap before GC invocations=548 (full 4):
 PSYoungGen      total 3584K, used 3535K [0x00000000eab00000, 0x00000000eb300000, 0x0000000100000000)
  eden space 2048K, 100% used [0x00000000eab00000,0x00000000ead00000,0x00000000ead00000)
  from space 1536K, 96% used [0x00000000ead00000,0x00000000eae73f48,0x00000000eae80000)
  to   space 3072K, 0% used [0x00000000eb000000,0x00000000eb000000,0x00000000eb300000)
 ParOldGen       total 360448K, used 360438K [0x00000000c0000000, 0x00000000d6000000, 0x00000000eab00000)
  object space 360448K, 99% used [0x00000000c0000000,0x00000000d5ffd9c0,0x00000000d6000000)
 Metaspace       used 65041K, committed 66496K, reserved 1114112K
  class space    used 6639K, committed 7296K, reserved 1048576K
}
Event: 67.859 GC heap after
{Heap after GC invocations=548 (full 4):
 PSYoungGen      total 3072K, used 832K [0x00000000eab00000, 0x00000000eb100000, 0x0000000100000000)
  eden space 2048K, 0% used [0x00000000eab00000,0x00000000eab00000,0x00000000ead00000)
  from space 1024K, 81% used [0x00000000eb000000,0x00000000eb0d0000,0x00000000eb100000)
  to   space 1536K, 0% used [0x00000000eae00000,0x00000000eae00000,0x00000000eaf80000)
 ParOldGen       total 361472K, used 361334K [0x00000000c0000000, 0x00000000d6100000, 0x00000000eab00000)
  object space 361472K, 99% used [0x00000000c0000000,0x00000000d60ddb90,0x00000000d6100000)
 Metaspace       used 65041K, committed 66496K, reserved 1114112K
  class space    used 6639K, committed 7296K, reserved 1048576K
}
Event: 68.266 GC heap before
{Heap before GC invocations=549 (full 4):
 PSYoungGen      total 3072K, used 2880K [0x00000000eab00000, 0x00000000eb100000, 0x0000000100000000)
  eden space 2048K, 100% used [0x00000000eab00000,0x00000000ead00000,0x00000000ead00000)
  from space 1024K, 81% used [0x00000000eb000000,0x00000000eb0d0000,0x00000000eb100000)
  to   space 1536K, 0% used [0x00000000eae00000,0x00000000eae00000,0x00000000eaf80000)
 ParOldGen       total 361472K, used 361334K [0x00000000c0000000, 0x00000000d6100000, 0x00000000eab00000)
  object space 361472K, 99% used [0x00000000c0000000,0x00000000d60ddb90,0x00000000d6100000)
 Metaspace       used 65056K, committed 66560K, reserved 1114112K
  class space    used 6640K, committed 7296K, reserved 1048576K
}
Event: 68.275 GC heap after
{Heap after GC invocations=549 (full 4):
 PSYoungGen      total 3072K, used 987K [0x00000000eab00000, 0x00000000eb080000, 0x0000000100000000)
  eden space 2048K, 0% used [0x00000000eab00000,0x00000000eab00000,0x00000000ead00000)
  from space 1024K, 96% used [0x00000000eae00000,0x00000000eaef6f70,0x00000000eaf00000)
  to   space 1536K, 0% used [0x00000000eaf00000,0x00000000eaf00000,0x00000000eb080000)
 ParOldGen       total 361984K, used 361982K [0x00000000c0000000, 0x00000000d6180000, 0x00000000eab00000)
  object space 361984K, 99% used [0x00000000c0000000,0x00000000d617f808,0x00000000d6180000)
 Metaspace       used 65056K, committed 66560K, reserved 1114112K
  class space    used 6640K, committed 7296K, reserved 1048576K
}
Event: 69.432 GC heap before
{Heap before GC invocations=550 (full 4):
 PSYoungGen      total 3072K, used 3035K [0x00000000eab00000, 0x00000000eb080000, 0x0000000100000000)
  eden space 2048K, 100% used [0x00000000eab00000,0x00000000ead00000,0x00000000ead00000)
  from space 1024K, 96% used [0x00000000eae00000,0x00000000eaef6f70,0x00000000eaf00000)
  to   space 1536K, 0% used [0x00000000eaf00000,0x00000000eaf00000,0x00000000eb080000)
 ParOldGen       total 361984K, used 361982K [0x00000000c0000000, 0x00000000d6180000, 0x00000000eab00000)
  object space 361984K, 99% used [0x00000000c0000000,0x00000000d617f808,0x00000000d6180000)
 Metaspace       used 65056K, committed 66560K, reserved 1114112K
  class space    used 6640K, committed 7296K, reserved 1048576K
}

